measurement of randtrack is as following:
10.42user 0.00system 0:10.43elapsed 99%CPU (0avgtext+0avgdata 2928maxresident)k
0inputs+0outputs (0major+259minor)pagefaults 0swaps
10.33user 0.00system 0:10.33elapsed 99%CPU (0avgtext+0avgdata 2944maxresident)k
0inputs+0outputs (0major+256minor)pagefaults 0swaps
10.33user 0.00system 0:10.33elapsed 99%CPU (0avgtext+0avgdata 2956maxresident)k
0inputs+0outputs (0major+256minor)pagefaults 0swaps
10.33user 0.00system 0:10.33elapsed 99%CPU (0avgtext+0avgdata 3036maxresident)k
0inputs+0outputs (0major+261minor)pagefaults 0swaps
10.33user 0.00system 0:10.33elapsed 99%CPU (0avgtext+0avgdata 3024maxresident)k
0inputs+0outputs (0major+260minor)pagefaults 0swaps
--------------------------------------------------------------
measurement of randtrack_global_lock is as following:
1 thread ----
10.50user 0.00system 0:10.55elapsed 99%CPU (0avgtext+0avgdata 3084maxresident)k
0inputs+0outputs (0major+270minor)pagefaults 0swaps
10.49user 0.00system 0:10.50elapsed 99%CPU (0avgtext+0avgdata 3060maxresident)k
0inputs+0outputs (0major+267minor)pagefaults 0swaps
10.49user 0.00system 0:10.50elapsed 99%CPU (0avgtext+0avgdata 3012maxresident)k
0inputs+0outputs (0major+268minor)pagefaults 0swaps
10.49user 0.00system 0:10.50elapsed 99%CPU (0avgtext+0avgdata 3160maxresident)k
0inputs+0outputs (0major+271minor)pagefaults 0swaps
10.50user 0.00system 0:10.50elapsed 99%CPU (0avgtext+0avgdata 3024maxresident)k
0inputs+0outputs (0major+269minor)pagefaults 0swaps
2 threads ----
11.65user 0.05system 0:05.85elapsed 199%CPU (0avgtext+0avgdata 3172maxresident)k
0inputs+0outputs (0major+275minor)pagefaults 0swaps
11.67user 0.04system 0:05.86elapsed 199%CPU (0avgtext+0avgdata 3024maxresident)k
0inputs+0outputs (0major+271minor)pagefaults 0swaps
11.76user 0.06system 0:05.92elapsed 199%CPU (0avgtext+0avgdata 3176maxresident)k
0inputs+0outputs (0major+276minor)pagefaults 0swaps
11.75user 0.02system 0:05.89elapsed 199%CPU (0avgtext+0avgdata 3108maxresident)k
0inputs+0outputs (0major+272minor)pagefaults 0swaps
11.75user 0.05system 0:05.90elapsed 199%CPU (0avgtext+0avgdata 3200maxresident)k
0inputs+0outputs (0major+276minor)pagefaults 0swaps
4 threads ----
16.22user 5.34system 0:05.59elapsed 385%CPU (0avgtext+0avgdata 3144maxresident)k
0inputs+0outputs (0major+279minor)pagefaults 0swaps
15.89user 5.28system 0:05.49elapsed 385%CPU (0avgtext+0avgdata 3044maxresident)k
0inputs+0outputs (0major+278minor)pagefaults 0swaps
15.67user 4.89system 0:05.27elapsed 389%CPU (0avgtext+0avgdata 3184maxresident)k
0inputs+0outputs (0major+280minor)pagefaults 0swaps
15.84user 4.55system 0:05.23elapsed 389%CPU (0avgtext+0avgdata 3220maxresident)k
0inputs+0outputs (0major+281minor)pagefaults 0swaps
15.89user 5.28system 0:05.43elapsed 389%CPU (0avgtext+0avgdata 3140maxresident)k
0inputs+0outputs (0major+277minor)pagefaults 0swaps
--------------------------------------------------------------
measurement of randtrack_tm is as following:
1 thread ----
11.20user 0.00system 0:11.21elapsed 99%CPU (0avgtext+0avgdata 3368maxresident)k
0inputs+0outputs (0major+280minor)pagefaults 0swaps
11.20user 0.00system 0:11.21elapsed 99%CPU (0avgtext+0avgdata 3332maxresident)k
0inputs+0outputs (0major+278minor)pagefaults 0swaps
11.20user 0.00system 0:11.21elapsed 99%CPU (0avgtext+0avgdata 3332maxresident)k
0inputs+0outputs (0major+278minor)pagefaults 0swaps
11.21user 0.00system 0:11.21elapsed 99%CPU (0avgtext+0avgdata 3128maxresident)k
0inputs+0outputs (0major+274minor)pagefaults 0swaps
11.20user 0.00system 0:11.21elapsed 99%CPU (0avgtext+0avgdata 3204maxresident)k
0inputs+0outputs (0major+275minor)pagefaults 0swaps
2 threads ----
19.13user 0.00system 0:09.57elapsed 199%CPU (0avgtext+0avgdata 3336maxresident)k
0inputs+0outputs (0major+429minor)pagefaults 0swaps
18.92user 0.00system 0:09.46elapsed 199%CPU (0avgtext+0avgdata 3144maxresident)k
0inputs+0outputs (0major+427minor)pagefaults 0swaps
18.92user 0.00system 0:09.46elapsed 199%CPU (0avgtext+0avgdata 3304maxresident)k
0inputs+0outputs (0major+431minor)pagefaults 0swaps
19.08user 0.00system 0:09.54elapsed 199%CPU (0avgtext+0avgdata 3348maxresident)k
0inputs+0outputs (0major+408minor)pagefaults 0swaps
19.15user 0.00system 0:09.58elapsed 199%CPU (0avgtext+0avgdata 3248maxresident)k
0inputs+0outputs (0major+430minor)pagefaults 0swaps
4 threads ----
22.06user 0.00system 0:05.52elapsed 399%CPU (0avgtext+0avgdata 3344maxresident)k
0inputs+0outputs (0major+408minor)pagefaults 0swaps
21.99user 0.00system 0:05.50elapsed 399%CPU (0avgtext+0avgdata 3288maxresident)k
0inputs+0outputs (0major+410minor)pagefaults 0swaps
21.92user 0.00system 0:05.48elapsed 399%CPU (0avgtext+0avgdata 3344maxresident)k
0inputs+0outputs (0major+406minor)pagefaults 0swaps
21.98user 0.00system 0:05.50elapsed 399%CPU (0avgtext+0avgdata 3232maxresident)k
0inputs+0outputs (0major+404minor)pagefaults 0swaps
21.98user 0.00system 0:05.50elapsed 399%CPU (0avgtext+0avgdata 3276maxresident)k
0inputs+0outputs (0major+406minor)pagefaults 0swaps
--------------------------------------------------------------
measurement of randtrack_list_lock is as following:
1 thread ----
11.05user 0.00system 0:11.05elapsed 99%CPU (0avgtext+0avgdata 3728maxresident)k
0inputs+0outputs (0major+431minor)pagefaults 0swaps
11.06user 0.00system 0:11.07elapsed 99%CPU (0avgtext+0avgdata 3652maxresident)k
0inputs+0outputs (0major+429minor)pagefaults 0swaps
11.05user 0.00system 0:11.06elapsed 99%CPU (0avgtext+0avgdata 3652maxresident)k
0inputs+0outputs (0major+430minor)pagefaults 0swaps
11.04user 0.00system 0:11.04elapsed 99%CPU (0avgtext+0avgdata 3880maxresident)k
0inputs+0outputs (0major+434minor)pagefaults 0swaps
11.04user 0.00system 0:11.05elapsed 99%CPU (0avgtext+0avgdata 3752maxresident)k
0inputs+0outputs (0major+429minor)pagefaults 0swaps
2 threads ----
11.45user 0.00system 0:05.75elapsed 199%CPU (0avgtext+0avgdata 3752maxresident)k
0inputs+0outputs (0major+433minor)pagefaults 0swaps
11.44user 0.00system 0:05.74elapsed 199%CPU (0avgtext+0avgdata 3672maxresident)k
0inputs+0outputs (0major+432minor)pagefaults 0swaps
11.44user 0.00system 0:05.74elapsed 199%CPU (0avgtext+0avgdata 3668maxresident)k
0inputs+0outputs (0major+433minor)pagefaults 0swaps
11.43user 0.00system 0:05.73elapsed 199%CPU (0avgtext+0avgdata 3724maxresident)k
0inputs+0outputs (0major+435minor)pagefaults 0swaps
11.44user 0.00system 0:05.75elapsed 199%CPU (0avgtext+0avgdata 3672maxresident)k
0inputs+0outputs (0major+433minor)pagefaults 0swaps
4 threads ----
12.59user 0.00system 0:03.24elapsed 388%CPU (0avgtext+0avgdata 3768maxresident)k
0inputs+0outputs (0major+439minor)pagefaults 0swaps
12.50user 0.00system 0:03.18elapsed 392%CPU (0avgtext+0avgdata 3788maxresident)k
0inputs+0outputs (0major+438minor)pagefaults 0swaps
12.50user 0.00system 0:03.18elapsed 392%CPU (0avgtext+0avgdata 3840maxresident)k
0inputs+0outputs (0major+443minor)pagefaults 0swaps
12.50user 0.00system 0:03.18elapsed 392%CPU (0avgtext+0avgdata 3844maxresident)k
0inputs+0outputs (0major+441minor)pagefaults 0swaps
12.85user 0.19system 0:03.52elapsed 370%CPU (0avgtext+0avgdata 3796maxresident)k
0inputs+0outputs (0major+443minor)pagefaults 0swaps
--------------------------------------------------------------
measurement of randtrack_element_lock is as following:
1 thread ----
10.62user 0.00system 0:10.63elapsed 99%CPU (0avgtext+0avgdata 3684maxresident)k
0inputs+0outputs (0major+402minor)pagefaults 0swaps
10.62user 0.00system 0:10.62elapsed 99%CPU (0avgtext+0avgdata 3760maxresident)k
0inputs+0outputs (0major+404minor)pagefaults 0swaps
10.62user 0.00system 0:10.63elapsed 99%CPU (0avgtext+0avgdata 3536maxresident)k
0inputs+0outputs (0major+399minor)pagefaults 0swaps
10.62user 0.00system 0:10.63elapsed 99%CPU (0avgtext+0avgdata 3680maxresident)k
0inputs+0outputs (0major+403minor)pagefaults 0swaps
10.62user 0.00system 0:10.62elapsed 99%CPU (0avgtext+0avgdata 3636maxresident)k
0inputs+0outputs (0major+402minor)pagefaults 0swaps
2 threads ----
10.90user 0.00system 0:05.50elapsed 198%CPU (0avgtext+0avgdata 3596maxresident)k
0inputs+0outputs (0major+402minor)pagefaults 0swaps
10.90user 0.00system 0:05.49elapsed 198%CPU (0avgtext+0avgdata 3600maxresident)k
0inputs+0outputs (0major+403minor)pagefaults 0swaps
10.91user 0.00system 0:05.50elapsed 198%CPU (0avgtext+0avgdata 3544maxresident)k
0inputs+0outputs (0major+401minor)pagefaults 0swaps
10.92user 0.00system 0:05.51elapsed 198%CPU (0avgtext+0avgdata 3728maxresident)k
0inputs+0outputs (0major+405minor)pagefaults 0swaps
10.93user 0.00system 0:05.51elapsed 198%CPU (0avgtext+0avgdata 3628maxresident)k
0inputs+0outputs (0major+404minor)pagefaults 0swaps
4 threads ----
11.53user 0.00system 0:02.91elapsed 396%CPU (0avgtext+0avgdata 3624maxresident)k
0inputs+0outputs (0major+408minor)pagefaults 0swaps
11.53user 0.00system 0:02.90elapsed 396%CPU (0avgtext+0avgdata 3624maxresident)k
0inputs+0outputs (0major+409minor)pagefaults 0swaps
11.53user 0.00system 0:02.91elapsed 396%CPU (0avgtext+0avgdata 3572maxresident)k
0inputs+0outputs (0major+407minor)pagefaults 0swaps
11.53user 0.00system 0:02.91elapsed 396%CPU (0avgtext+0avgdata 3568maxresident)k
0inputs+0outputs (0major+408minor)pagefaults 0swaps
11.54user 0.00system 0:02.91elapsed 396%CPU (0avgtext+0avgdata 3644maxresident)k
0inputs+0outputs (0major+410minor)pagefaults 0swaps
--------------------------------------------------------------
measurement of randtrack_reduction is as following:
1 thread ----
10.32user 0.00system 0:10.32elapsed 99%CPU (0avgtext+0avgdata 3416maxresident)k
0inputs+0outputs (0major+338minor)pagefaults 0swaps
10.33user 0.00system 0:10.33elapsed 99%CPU (0avgtext+0avgdata 3280maxresident)k
0inputs+0outputs (0major+332minor)pagefaults 0swaps
10.33user 0.00system 0:10.34elapsed 99%CPU (0avgtext+0avgdata 3416maxresident)k
0inputs+0outputs (0major+336minor)pagefaults 0swaps
10.32user 0.00system 0:10.32elapsed 99%CPU (0avgtext+0avgdata 3348maxresident)k
0inputs+0outputs (0major+333minor)pagefaults 0swaps
10.33user 0.00system 0:10.34elapsed 99%CPU (0avgtext+0avgdata 3412maxresident)k
0inputs+0outputs (0major+335minor)pagefaults 0swaps
2 threads ----
10.34user 0.00system 0:05.23elapsed 197%CPU (0avgtext+0avgdata 3548maxresident)k
0inputs+0outputs (0major+402minor)pagefaults 0swaps
10.36user 0.00system 0:05.25elapsed 197%CPU (0avgtext+0avgdata 3640maxresident)k
0inputs+0outputs (0major+402minor)pagefaults 0swaps
10.31user 0.00system 0:05.22elapsed 197%CPU (0avgtext+0avgdata 3592maxresident)k
0inputs+0outputs (0major+401minor)pagefaults 0swaps
10.34user 0.00system 0:05.23elapsed 197%CPU (0avgtext+0avgdata 3688maxresident)k
0inputs+0outputs (0major+406minor)pagefaults 0swaps
10.31user 0.00system 0:05.22elapsed 197%CPU (0avgtext+0avgdata 3624maxresident)k
0inputs+0outputs (0major+402minor)pagefaults 0swaps
4 threads ----
11.30user 0.00system 0:03.03elapsed 372%CPU (0avgtext+0avgdata 4592maxresident)k
0inputs+0outputs (0major+623minor)pagefaults 0swaps
10.84user 0.00system 0:02.74elapsed 394%CPU (0avgtext+0avgdata 4600maxresident)k
0inputs+0outputs (0major+623minor)pagefaults 0swaps
10.84user 0.00system 0:02.74elapsed 394%CPU (0avgtext+0avgdata 4556maxresident)k
0inputs+0outputs (0major+623minor)pagefaults 0swaps
10.84user 0.00system 0:02.74elapsed 394%CPU (0avgtext+0avgdata 4600maxresident)k
0inputs+0outputs (0major+624minor)pagefaults 0swaps
10.84user 0.00system 0:02.74elapsed 394%CPU (0avgtext+0avgdata 4420maxresident)k
0inputs+0outputs (0major+622minor)pagefaults 0swaps

